Info) VMD for LINUXAMD64, version 1.9.4a37 (August 27, 2019)
Info) http://www.ks.uiuc.edu/Research/vmd/                         
Info) Email questions and bug reports to vmd@ks.uiuc.edu           
Info) Please include this reference in published work using VMD:   
Info)    Humphrey, W., Dalke, A. and Schulten, K., `VMD - Visual   
Info)    Molecular Dynamics', J. Molec. Graphics 1996, 14.1, 33-38.
Info) -------------------------------------------------------------
Info) Multithreading available, 32 CPUs detected.
Info)   CPU features: SSE2 AVX AVX2 FMA AVX512F AVX512CD 
Info) Free system memory: 365GB (96%)
Info) No CUDA accelerator devices available.
Info) Detected 1 available TachyonL/OptiX ray tracing accelerator
Info)   Compiling 1 OptiX shaders on 1 target GPU...
Info) Dynamically loaded 3 plugins in directory:
Info) /Projects/vmd/pub/linux64/lib/vmd194a37/plugins/LINUXAMD64/molfile
Info) File loading in progress, please wait.
psfplugin) Detected a Charmm PSF file
Info) Using plugin psf for structure file ../../ionized.psf
Info) Analyzing structure ...
Info)    Atoms: 307238
Info)    Bonds: 218680
Info)    Angles: 165700  Dihedrals: 111880  Impropers: 7240  Cross-terms: 2920
Info)    Bondtypes: 0  Angletypes: 0  Dihedraltypes: 0  Impropertypes: 0
Info)    Residues: 91598
Info)    Waters: 88020
Info)    Segments: 59
Info)    Fragments: 88678   Protein: 40   Nucleic: 0
dcdplugin) detected standard 32-bit DCD file of native endianness
dcdplugin) CHARMM format DCD file (also NAMD 2.1 and later)
Info) Using plugin dcd for coordinates from file ../../t_100ns_stride4.dcd
Info) Coordinate I/O rate 363.0 frames/sec, 1276 MB/sec, 6.9 sec
Info) Finished with coordinate file ../../t_100ns_stride4.dcd.
2500
file16
Info) VMD for LINUXAMD64, version 1.9.4a37 (August 27, 2019)
Info) Exiting normally.
