Info) VMD for LINUXAMD64, version 1.9.4a37 (August 27, 2019)
Info) http://www.ks.uiuc.edu/Research/vmd/                         
Info) Email questions and bug reports to vmd@ks.uiuc.edu           
Info) Please include this reference in published work using VMD:   
Info)    Humphrey, W., Dalke, A. and Schulten, K., `VMD - Visual   
Info)    Molecular Dynamics', J. Molec. Graphics 1996, 14.1, 33-38.
Info) -------------------------------------------------------------
Info) Multithreading available, 32 CPUs detected.
Info)   CPU features: SSE2 AVX AVX2 FMA AVX512F AVX512CD 
Info) Free system memory: 365GB (97%)
Info) No CUDA accelerator devices available.
Info) Detected 1 available TachyonL/OptiX ray tracing accelerator
Info)   Compiling 1 OptiX shaders on 1 target GPU...
Info) Dynamically loaded 3 plugins in directory:
Info) /Projects/vmd/pub/linux64/lib/vmd194a37/plugins/LINUXAMD64/molfile
Info) File loading in progress, please wait.
psfplugin) Detected a Charmm PSF file
Info) Using plugin psf for structure file ../../ionized.psf
Info) Analyzing structure ...
Info)    Atoms: 307238
Info)    Bonds: 218680
Info)    Angles: 165700  Dihedrals: 111880  Impropers: 7240  Cross-terms: 2920
Info)    Bondtypes: 0  Angletypes: 0  Dihedraltypes: 0  Impropertypes: 0
Info)    Residues: 91598
Info)    Waters: 88020
Info)    Segments: 59
Info)    Fragments: 88678   Protein: 40   Nucleic: 0
dcdplugin) detected standard 32-bit DCD file of native endianness
dcdplugin) CHARMM format DCD file (also NAMD 2.1 and later)
Info) Using plugin dcd for coordinates from file ../../min_eqc1.dcd
Info) Coordinate I/O rate 7.78 frames/sec, 27 MB/sec, 128.5 sec
Info) Finished with coordinate file ../../min_eqc1.dcd.
1000
B2 C2 D2 E2 F2 G2 H2 I2 J2 K2 L2 M2 N2 O2 P2 Q2 R2
C2 D2 E2 F2 G2 H2 I2 J2 K2 L2 M2 N2 O2 P2 Q2 R2 S2
0.0 9125.0
0.01 9085.0
0.02 9008.0
0.03 9170.0
0.04 9141.0
0.05 9000.0
0.06 9022.0
0.07 9115.0
0.08 9091.0
0.09 8974.0
0.1 8904.0
0.11 9003.0
0.12 9012.0
0.13 8886.0
0.14 8881.0
0.15 8889.0
0.16 8921.0
0.17 8895.0
0.18 9002.0
0.19 9155.0
0.2 9086.0
0.21 8963.0
0.22 9073.0
0.23 9024.0
0.24 8936.0
0.25 9066.0
0.26 9119.0
0.27 8965.0
0.28 8939.0
0.29 8959.0
0.3 8991.0
0.31 9072.0
0.32 8824.0
0.33 8891.0
0.34 9080.0
0.35000000000000003 8973.0
0.36 8898.0
0.37 8951.0
0.38 9156.0
0.39 9006.0
0.4 9058.0
0.41000000000000003 8949.0
0.42 9002.0
0.43 9004.0
0.44 9064.0
0.45 8886.0
0.46 8977.0
0.47000000000000003 8860.0
0.48 8978.0
0.49 8934.0
0.5 9011.0
0.51 8959.0
0.52 8902.0
0.53 8903.0
0.54 8961.0
0.55 9055.0
0.56 8947.0
0.5700000000000001 8951.0
0.58 8891.0
0.59 9052.0
0.6 8975.0
0.61 9013.0
0.62 8868.0
0.63 8896.0
0.64 8921.0
0.65 9011.0
0.66 8999.0
0.67 8966.0
0.68 8998.0
0.6900000000000001 8940.0
0.7000000000000001 8898.0
0.71 9001.0
0.72 8974.0
0.73 8885.0
0.74 9007.0
0.75 8977.0
0.76 8920.0
0.77 8923.0
0.78 8986.0
0.79 8925.0
0.8 8899.0
0.81 8963.0
0.8200000000000001 8949.0
0.8300000000000001 8925.0
0.84 8990.0
0.85 8893.0
0.86 8968.0
0.87 8887.0
0.88 9017.0
0.89 8851.0
0.9 8919.0
0.91 8991.0
0.92 8998.0
0.93 8941.0
0.9400000000000001 9034.0
0.9500000000000001 8948.0
0.96 8880.0
0.97 8977.0
0.98 8920.0
0.99 9001.0
1.0 9098.0
1.01 8863.0
1.02 8953.0
1.03 9115.0
1.04 8974.0
1.05 9025.0
1.06 8894.0
1.07 8943.0
1.08 9036.0
1.09 8961.0
1.1 8884.0
1.11 8979.0
1.12 9006.0
1.1300000000000001 8984.0
1.1400000000000001 9011.0
1.1500000000000001 9039.0
1.16 8937.0
1.17 9018.0
1.18 8977.0
1.19 8883.0
1.2 8984.0
1.21 8947.0
1.22 9011.0
1.23 9032.0
1.24 8996.0
1.25 8942.0
1.26 8927.0
1.27 8886.0
1.28 8976.0
1.29 8890.0
1.3 8919.0
1.31 8917.0
1.32 8929.0
1.33 8892.0
1.34 8874.0
1.35 8955.0
1.36 8879.0
1.37 8988.0
1.3800000000000001 8856.0
1.3900000000000001 8871.0
1.4000000000000001 8788.0
1.41 8939.0
1.42 8926.0
1.43 8839.0
1.44 9030.0
1.45 8900.0
1.46 8976.0
1.47 8886.0
1.48 8898.0
1.49 8978.0
1.5 8932.0
1.51 8990.0
1.52 8781.0
1.53 9008.0
1.54 8931.0
1.55 9005.0
1.56 8910.0
1.57 8957.0
1.58 8909.0
1.59 8960.0
1.6 8770.0
1.61 8863.0
1.62 8920.0
1.6300000000000001 8821.0
1.6400000000000001 8874.0
1.6500000000000001 8945.0
1.6600000000000001 8910.0
1.67 8867.0
1.68 8833.0
1.69 8893.0
1.7 8857.0
1.71 8862.0
1.72 8821.0
1.73 8992.0
1.74 8976.0
1.75 8859.0
1.76 8883.0
1.77 8933.0
1.78 8877.0
1.79 8783.0
1.8 8752.0
1.81 8854.0
1.82 8837.0
1.83 8860.0
1.84 8943.0
1.85 8927.0
1.86 8901.0
1.87 8750.0
1.8800000000000001 8907.0
1.8900000000000001 8853.0
1.9000000000000001 8768.0
1.9100000000000001 8794.0
1.92 8787.0
1.93 8858.0
1.94 8877.0
1.95 8830.0
1.96 8854.0
1.97 8934.0
1.98 8935.0
1.99 8900.0
2.0 8871.0
2.0100000000000002 8845.0
2.02 8738.0
2.0300000000000002 8870.0
2.04 8920.0
2.05 8851.0
2.06 8838.0
2.07 8935.0
2.08 8836.0
2.09 8872.0
2.1 8746.0
2.11 8827.0
2.12 8851.0
2.13 8761.0
2.14 8871.0
2.15 8912.0
2.16 8832.0
2.17 8849.0
2.18 8887.0
2.19 8885.0
2.2 8838.0
2.21 8855.0
2.22 8866.0
2.23 8838.0
2.24 8916.0
2.25 8887.0
2.2600000000000002 8877.0
2.27 8865.0
2.2800000000000002 8873.0
2.29 8896.0
2.3000000000000003 8889.0
2.31 8847.0
2.32 8819.0
2.33 8970.0
2.34 8890.0
2.35 8900.0
2.36 8893.0
2.37 8899.0
2.38 8949.0
2.39 8877.0
2.4 8854.0
2.41 8937.0
2.42 8932.0
2.43 8797.0
2.44 8857.0
2.45 8991.0
2.46 8898.0
2.47 8850.0
2.48 8902.0
2.49 8888.0
2.5 8832.0
2.5100000000000002 9020.0
2.52 8775.0
2.5300000000000002 8846.0
2.54 8980.0
2.5500000000000003 8903.0
2.56 8866.0
2.57 8989.0
2.58 8899.0
2.59 8932.0
2.6 8888.0
2.61 8852.0
2.62 8805.0
2.63 8909.0
2.64 8955.0
2.65 8916.0
2.66 8786.0
2.67 8789.0
2.68 8917.0
2.69 8921.0
2.7 8851.0
2.71 8919.0
2.72 8952.0
2.73 8889.0
2.74 8868.0
2.75 8891.0
2.7600000000000002 8920.0
2.77 8947.0
2.7800000000000002 9042.0
2.79 8913.0
2.8000000000000003 8840.0
2.81 9015.0
2.82 8896.0
2.83 9050.0
2.84 9016.0
2.85 8947.0
2.86 8895.0
2.87 8879.0
2.88 8930.0
2.89 8842.0
2.9 9007.0
2.91 8974.0
2.92 8890.0
2.93 8889.0
2.94 8827.0
2.95 8915.0
2.96 8830.0
2.97 8875.0
2.98 8882.0
2.99 8890.0
3.0 8814.0
3.0100000000000002 8945.0
3.02 8865.0
3.0300000000000002 8883.0
3.04 8923.0
3.0500000000000003 8930.0
3.06 8942.0
3.0700000000000003 8879.0
3.08 8893.0
3.09 8966.0
3.1 8981.0
3.11 9019.0
3.12 8938.0
3.13 8982.0
3.14 9011.0
3.15 8889.0
3.16 8922.0
3.17 8973.0
3.18 8917.0
3.19 9037.0
3.2 8932.0
3.21 8824.0
3.22 8972.0
3.23 8964.0
3.24 8962.0
3.25 8886.0
3.2600000000000002 8828.0
3.27 8927.0
3.2800000000000002 8941.0
3.29 8840.0
3.3000000000000003 8932.0
3.31 8914.0
3.3200000000000003 8848.0
3.33 8856.0
3.34 8922.0
3.35 8911.0
3.36 8868.0
3.37 8934.0
3.38 8890.0
3.39 8835.0
3.4 8894.0
3.41 8880.0
3.42 8956.0
3.43 8951.0
3.44 8927.0
3.45 8973.0
3.46 8825.0
3.47 8910.0
3.48 8988.0
3.49 8961.0
3.5 8904.0
3.5100000000000002 8951.0
3.52 8852.0
3.5300000000000002 8879.0
3.54 8840.0
3.5500000000000003 8870.0
3.56 8858.0
3.5700000000000003 8845.0
3.58 8945.0
3.59 8852.0
3.6 8867.0
3.61 8858.0
3.62 8831.0
3.63 8824.0
3.64 8859.0
3.65 8750.0
3.66 8872.0
3.67 8762.0
3.68 8991.0
3.69 8875.0
3.7 8801.0
3.71 8805.0
3.72 8880.0
3.73 8824.0
3.74 8954.0
3.75 8692.0
3.7600000000000002 8763.0
3.77 8866.0
3.7800000000000002 8856.0
3.79 8915.0
3.8000000000000003 8772.0
3.81 8799.0
3.8200000000000003 8965.0
3.83 8887.0
3.84 8919.0
3.85 8850.0
3.86 8753.0
3.87 8847.0
3.88 8988.0
3.89 8855.0
3.9 8946.0
3.91 8910.0
3.92 8921.0
3.93 8954.0
3.94 8886.0
3.95 8881.0
3.96 8781.0
3.97 8934.0
3.98 8921.0
3.99 8847.0
4.0 8881.0
4.01 8910.0
4.0200000000000005 8821.0
4.03 8937.0
4.04 8855.0
4.05 8846.0
4.0600000000000005 8912.0
4.07 8917.0
4.08 8921.0
4.09 8937.0
4.1 8845.0
4.11 8910.0
4.12 8711.0
4.13 8894.0
4.14 8857.0
4.15 8898.0
4.16 8748.0
4.17 8825.0
4.18 8815.0
4.19 8813.0
4.2 8892.0
4.21 8855.0
4.22 8856.0
4.23 8920.0
4.24 8874.0
4.25 8906.0
4.26 8786.0
4.2700000000000005 8875.0
4.28 8819.0
4.29 8917.0
4.3 8902.0
4.3100000000000005 8813.0
4.32 8945.0
4.33 8904.0
4.34 8885.0
4.3500000000000005 8910.0
4.36 8796.0
4.37 8743.0
4.38 8995.0
4.39 8831.0
4.4 8852.0
4.41 8928.0
4.42 8852.0
4.43 8776.0
4.44 8808.0
4.45 8921.0
4.46 8827.0
4.47 8790.0
4.48 9002.0
4.49 8793.0
4.5 8863.0
4.51 8878.0
4.5200000000000005 8814.0
4.53 8824.0
4.54 8872.0
4.55 8905.0
4.5600000000000005 8887.0
4.57 8845.0
4.58 8925.0
4.59 8924.0
4.6000000000000005 8945.0
4.61 8862.0
4.62 8888.0
4.63 8790.0
4.64 8682.0
4.65 8884.0
4.66 8856.0
4.67 8802.0
4.68 8802.0
4.69 8931.0
4.7 8832.0
4.71 9018.0
4.72 8797.0
4.73 8901.0
4.74 8870.0
4.75 8974.0
4.76 8889.0
4.7700000000000005 8917.0
4.78 8913.0
4.79 8887.0
4.8 8767.0
4.8100000000000005 8882.0
4.82 8831.0
4.83 8857.0
4.84 8874.0
4.8500000000000005 8866.0
4.86 8889.0
4.87 8781.0
4.88 8848.0
4.89 8872.0
4.9 8900.0
4.91 8875.0
4.92 8789.0
4.93 8874.0
4.94 8781.0
4.95 8907.0
4.96 8873.0
4.97 8746.0
4.98 8894.0
4.99 8893.0
5.0 8846.0
5.01 8817.0
5.0200000000000005 8871.0
5.03 8915.0
5.04 8986.0
5.05 8928.0
5.0600000000000005 8840.0
5.07 8910.0
5.08 8770.0
5.09 8823.0
5.1000000000000005 8885.0
5.11 8882.0
5.12 8780.0
5.13 8896.0
5.14 8778.0
5.15 8879.0
5.16 8848.0
5.17 8823.0
5.18 8803.0
5.19 8901.0
5.2 8861.0
5.21 8898.0
5.22 8824.0
5.23 8847.0
5.24 8825.0
5.25 8803.0
5.26 8922.0
5.2700000000000005 8794.0
5.28 8843.0
5.29 8769.0
5.3 8808.0
5.3100000000000005 8862.0
5.32 8848.0
5.33 8890.0
5.34 8862.0
5.3500000000000005 8856.0
5.36 8857.0
5.37 8876.0
5.38 8874.0
5.39 8957.0
5.4 8998.0
5.41 8831.0
5.42 8887.0
5.43 8854.0
5.44 8918.0
5.45 8859.0
5.46 8926.0
5.47 8914.0
5.48 8875.0
5.49 8981.0
5.5 9012.0
5.51 8970.0
5.5200000000000005 8889.0
5.53 8951.0
5.54 8894.0
5.55 8885.0
5.5600000000000005 8872.0
5.57 8926.0
5.58 9029.0
5.59 8907.0
5.6000000000000005 8835.0
5.61 8854.0
5.62 8851.0
5.63 8880.0
5.64 8939.0
5.65 8974.0
5.66 8923.0
5.67 8741.0
5.68 8786.0
5.69 8889.0
5.7 8877.0
5.71 8812.0
5.72 8803.0
5.73 8813.0
5.74 8863.0
5.75 8808.0
5.76 8922.0
5.7700000000000005 8928.0
5.78 8881.0
5.79 8955.0
5.8 8931.0
5.8100000000000005 8834.0
5.82 8986.0
5.83 8848.0
5.84 8797.0
5.8500000000000005 8896.0
5.86 8937.0
5.87 8855.0
5.88 8823.0
5.89 8920.0
5.9 9065.0
5.91 8831.0
5.92 8899.0
5.93 8900.0
5.94 8856.0
5.95 8945.0
5.96 8810.0
5.97 8947.0
5.98 8916.0
5.99 8874.0
6.0 8857.0
6.01 8936.0
6.0200000000000005 8821.0
6.03 8836.0
6.04 8905.0
6.05 8863.0
6.0600000000000005 8824.0
6.07 8883.0
6.08 8916.0
6.09 8817.0
6.1000000000000005 8828.0
6.11 8826.0
6.12 8784.0
6.13 8871.0
6.140000000000001 8904.0
6.15 8834.0
6.16 8856.0
6.17 8877.0
6.18 8826.0
6.19 8873.0
6.2 8853.0
6.21 8817.0
6.22 8823.0
6.23 8945.0
6.24 8895.0
6.25 8913.0
6.26 8918.0
6.2700000000000005 8891.0
6.28 8922.0
6.29 8856.0
6.3 8920.0
6.3100000000000005 8950.0
6.32 8884.0
6.33 8881.0
6.34 8915.0
6.3500000000000005 8737.0
6.36 8874.0
6.37 8805.0
6.38 8820.0
6.390000000000001 8884.0
6.4 8867.0
6.41 8837.0
6.42 8855.0
6.43 8880.0
6.44 8818.0
6.45 8853.0
6.46 8873.0
6.47 8814.0
6.48 8904.0
6.49 8881.0
6.5 8830.0
6.51 8784.0
6.5200000000000005 8707.0
6.53 8847.0
6.54 8941.0
6.55 8779.0
6.5600000000000005 8820.0
6.57 8917.0
6.58 8837.0
6.59 8883.0
6.6000000000000005 8711.0
6.61 8778.0
6.62 8770.0
6.63 8815.0
6.640000000000001 8825.0
6.65 8868.0
6.66 8876.0
6.67 8790.0
6.68 8726.0
6.69 8829.0
6.7 8968.0
6.71 8797.0
6.72 8882.0
6.73 8815.0
6.74 8768.0
6.75 8859.0
6.76 8807.0
6.7700000000000005 8748.0
6.78 8819.0
6.79 8884.0
6.8 8872.0
6.8100000000000005 8904.0
6.82 8862.0
6.83 8800.0
6.84 8732.0
6.8500000000000005 8786.0
6.86 8958.0
6.87 8945.0
6.88 8848.0
6.890000000000001 8943.0
6.9 8808.0
6.91 8836.0
6.92 8829.0
6.93 8760.0
6.94 8781.0
6.95 8894.0
6.96 8817.0
6.97 8855.0
6.98 8867.0
6.99 8803.0
7.0 8762.0
7.01 8947.0
7.0200000000000005 8773.0
7.03 8813.0
7.04 8854.0
7.05 8826.0
7.0600000000000005 8722.0
7.07 8831.0
7.08 8848.0
7.09 8792.0
7.1000000000000005 8853.0
7.11 8778.0
7.12 8792.0
7.13 8802.0
7.140000000000001 8850.0
7.15 8967.0
7.16 8806.0
7.17 8814.0
7.18 8745.0
7.19 8966.0
7.2 8793.0
7.21 8861.0
7.22 8916.0
7.23 8916.0
7.24 8921.0
7.25 8890.0
7.26 8829.0
7.2700000000000005 8801.0
7.28 8899.0
7.29 8872.0
7.3 8829.0
7.3100000000000005 8886.0
7.32 8910.0
7.33 8838.0
7.34 8895.0
7.3500000000000005 8834.0
7.36 8965.0
7.37 8790.0
7.38 8800.0
7.390000000000001 8875.0
7.4 8812.0
7.41 8822.0
7.42 8819.0
7.43 8899.0
7.44 8870.0
7.45 8774.0
7.46 8915.0
7.47 8768.0
7.48 8800.0
7.49 8949.0
7.5 8785.0
7.51 8777.0
7.5200000000000005 8809.0
7.53 8879.0
7.54 8890.0
7.55 8850.0
7.5600000000000005 8862.0
7.57 8800.0
7.58 8758.0
7.59 8921.0
7.6000000000000005 8852.0
7.61 8915.0
7.62 8891.0
7.63 8887.0
7.640000000000001 8855.0
7.65 8852.0
7.66 8956.0
7.67 8837.0
7.68 8770.0
7.69 8837.0
7.7 8816.0
7.71 8723.0
7.72 8812.0
7.73 8775.0
7.74 8865.0
7.75 8767.0
7.76 8872.0
7.7700000000000005 8850.0
7.78 8902.0
7.79 8803.0
7.8 8811.0
7.8100000000000005 8902.0
7.82 8824.0
7.83 8741.0
7.84 8865.0
7.8500000000000005 8713.0
7.86 8962.0
7.87 8839.0
7.88 8785.0
7.890000000000001 8733.0
7.9 8823.0
7.91 8883.0
7.92 8847.0
7.930000000000001 8904.0
7.94 8930.0
7.95 8734.0
7.96 8841.0
7.97 8736.0
7.98 8674.0
7.99 8873.0
8.0 8787.0
8.01 8824.0
8.02 8800.0
8.03 8873.0
8.040000000000001 8798.0
8.05 8897.0
8.06 8813.0
8.07 8828.0
8.08 8753.0
8.09 8767.0
8.1 8885.0
8.11 8829.0
8.120000000000001 8769.0
8.13 8789.0
8.14 8895.0
8.15 8847.0
8.16 8724.0
8.17 8840.0
8.18 8917.0
8.19 8720.0
8.2 8758.0
8.21 8735.0
8.22 8977.0
8.23 8779.0
8.24 8900.0
8.25 8908.0
8.26 8850.0
8.27 8910.0
8.28 8990.0
8.290000000000001 8987.0
8.3 8860.0
8.31 8784.0
8.32 8972.0
8.33 8905.0
8.34 8836.0
8.35 8972.0
8.36 8786.0
8.370000000000001 8797.0
8.38 8912.0
8.39 8974.0
8.4 8819.0
8.41 8865.0
8.42 8887.0
8.43 8660.0
8.44 8826.0
8.45 8936.0
8.46 8905.0
8.47 9035.0
8.48 8892.0
8.49 8935.0
8.5 8993.0
8.51 8897.0
8.52 8978.0
8.53 8919.0
8.540000000000001 8908.0
8.55 8903.0
8.56 8875.0
8.57 8923.0
8.58 8870.0
8.59 8893.0
8.6 8868.0
8.61 9030.0
8.620000000000001 8984.0
8.63 8931.0
8.64 8864.0
8.65 8816.0
8.66 8955.0
8.67 8938.0
8.68 9001.0
8.69 8762.0
8.700000000000001 8845.0
8.71 8835.0
8.72 8931.0
8.73 8931.0
8.74 8873.0
8.75 8889.0
8.76 8908.0
8.77 8845.0
8.78 8908.0
8.790000000000001 8908.0
8.8 8883.0
8.81 8728.0
8.82 8891.0
8.83 8850.0
8.84 8904.0
8.85 8791.0
8.86 8815.0
8.870000000000001 8940.0
8.88 8891.0
8.89 8859.0
8.9 8869.0
8.91 8781.0
8.92 8881.0
8.93 8847.0
8.94 8968.0
8.950000000000001 8888.0
8.96 8862.0
8.97 8820.0
8.98 8883.0
8.99 8779.0
9.0 8856.0
9.01 8852.0
9.02 9048.0
9.03 8812.0
9.040000000000001 8827.0
9.05 8938.0
9.06 8829.0
9.07 8898.0
9.08 8958.0
9.09 8996.0
9.1 8798.0
9.11 8862.0
9.120000000000001 8982.0
9.13 8999.0
9.14 8866.0
9.15 8757.0
9.16 8795.0
9.17 8952.0
9.18 8941.0
9.19 8874.0
9.200000000000001 9009.0
9.21 8957.0
9.22 8892.0
9.23 8927.0
9.24 8910.0
9.25 8834.0
9.26 8993.0
9.27 8913.0
9.28 8905.0
9.290000000000001 8742.0
9.3 8831.0
9.31 9014.0
9.32 8875.0
9.33 8851.0
9.34 8885.0
9.35 8988.0
9.36 8842.0
9.370000000000001 8890.0
9.38 8951.0
9.39 8896.0
9.4 8864.0
9.41 8799.0
9.42 8912.0
9.43 8935.0
9.44 8870.0
9.450000000000001 8905.0
9.46 8924.0
9.47 8897.0
9.48 8833.0
9.49 8804.0
9.5 8846.0
9.51 8880.0
9.52 8895.0
9.53 8900.0
9.540000000000001 8838.0
9.55 8955.0
9.56 8835.0
9.57 8880.0
9.58 8932.0
9.59 8822.0
9.6 8814.0
9.61 8827.0
9.620000000000001 8819.0
9.63 8829.0
9.64 8758.0
9.65 8852.0
9.66 8809.0
9.67 8908.0
9.68 8793.0
9.69 8860.0
9.700000000000001 8826.0
9.71 8857.0
9.72 8815.0
9.73 8814.0
9.74 8837.0
9.75 8789.0
9.76 8825.0
9.77 8739.0
9.78 8970.0
9.790000000000001 8719.0
9.8 8988.0
9.81 8927.0
9.82 8882.0
9.83 8844.0
9.84 8870.0
9.85 8856.0
9.86 8822.0
9.870000000000001 8868.0
9.88 8985.0
9.89 8852.0
9.9 8921.0
9.91 8873.0
9.92 8881.0
9.93 8981.0
9.94 8961.0
9.950000000000001 8820.0
9.96 8786.0
9.97 8842.0
9.98 8917.0
9.99 8888.0
10.0 8888.0
Info) VMD for LINUXAMD64, version 1.9.4a37 (August 27, 2019)
Info) Exiting normally.
