Info) VMD for LINUXAMD64, version 1.9.4a37 (August 27, 2019)
Info) http://www.ks.uiuc.edu/Research/vmd/                         
Info) Email questions and bug reports to vmd@ks.uiuc.edu           
Info) Please include this reference in published work using VMD:   
Info)    Humphrey, W., Dalke, A. and Schulten, K., `VMD - Visual   
Info)    Molecular Dynamics', J. Molec. Graphics 1996, 14.1, 33-38.
Info) -------------------------------------------------------------
Info) Multithreading available, 32 CPUs detected.
Info)   CPU features: SSE2 AVX AVX2 FMA AVX512F AVX512CD 
Info) Free system memory: 363GB (96%)
Info) No CUDA accelerator devices available.
Info) Detected 1 available TachyonL/OptiX ray tracing accelerator
Info)   Compiling 1 OptiX shaders on 1 target GPU...
Info) Dynamically loaded 3 plugins in directory:
Info) /Projects/vmd/pub/linux64/lib/vmd194a37/plugins/LINUXAMD64/molfile
Info) File loading in progress, please wait.
psfplugin) Detected a Charmm PSF file
Info) Using plugin psf for structure file ../../ionized.psf
Info) Analyzing structure ...
Info)    Atoms: 307238
Info)    Bonds: 218680
Info)    Angles: 165700  Dihedrals: 111880  Impropers: 7240  Cross-terms: 2920
Info)    Bondtypes: 0  Angletypes: 0  Dihedraltypes: 0  Impropertypes: 0
Info)    Residues: 91598
Info)    Waters: 88020
Info)    Segments: 59
Info)    Fragments: 88678   Protein: 40   Nucleic: 0
dcdplugin) detected standard 32-bit DCD file of native endianness
dcdplugin) CHARMM format DCD file (also NAMD 2.1 and later)
Info) Using plugin dcd for coordinates from file ../../last50frames.dcd
Info) Finished with coordinate file ../../last50frames.dcd.
50
B1 C1 D1 E1 F1 G1 H1 I1 J1 K1 L1 M1 N1 O1 P1 Q1 R1 S1
A1 B1 C1 D1 E1 F1 G1 H1 I1 J1 K1 L1 M1 N1 O1 P1 Q1 R1 S1 T1
B2 C2 D2 E2 F2 G2 H2 I2 J2 K2 L2 M2 N2 O2 P2 Q2 R2 S2
A2 B2 C2 D2 E2 F2 G2 H2 I2 J2 K2 L2 M2 N2 O2 P2 Q2 R2 S2 T2
38
77
CG
CA
file16
frame 0
B1 B1 5.737627105620311
C1 B1 6.1725746225266676
D1 C1 5.84967589215954
E1 D1 5.760708811069564
F1 E1 5.909294111810262
G1 F1 5.732536240609051
H1 G1 6.01321307977848
I1 H1 5.292432575927244
J1 I1 5.509309874142598
K1 J1 5.579273962323009
L1 K1 5.635637909602997
M1 M1 6.4513830794375915
N1 N1 5.797879272909191
O1 N1 6.018738173985269
P1 O1 5.6313776621812455
Q1 P1 5.913110539564464
R1 Q1 5.961841013185346
S1 R1 6.769667665457339
B2 B2 5.701953424113244
C2 C2 5.3413550664503955
D2 C2 5.877340919111816
E2 E2 5.806285241793609
F2 E2 5.875538893473821
G2 G2 5.697099556041993
H2 H2 5.883125208249738
I2 H2 5.6736231986887296
J2 J2 5.683591182045283
K2 J2 5.887299970366421
L2 K2 5.8605946298596105
M2 L2 5.481283051758672
N2 N2 6.21689014099918
O2 N2 6.410633236587558
P2 O2 5.867460503420977
Q2 P2 6.204521666028306
R2 Q2 5.713823744931755
S2 R2 5.787352173449523
frame 1
B1 B1 5.446853404063643
C1 B1 5.860655750285207
D1 C1 5.522328585258207
E1 E1 6.045066231133813
F1 F1 5.782311703139633
G1 F1 5.786234342307021
H1 H1 5.332229839946459
I1 H1 5.658667782239945
J1 I1 5.699172031623383
K1 J1 5.948090819215742
L1 K1 5.813720802792589
M1 L1 5.873802843619561
N1 M1 5.764304327615092
O1 N1 5.896874947658271
P1 P1 6.756257440343549
Q1 Q1 6.150587417918528
R1 Q1 5.692898408235157
S1 R1 6.22585708951805
B2 A2 5.739091968748667
C2 B2 6.044117383193248
D2 D2 6.009995397247812
E2 D2 5.741143585590511
F2 E2 5.797522732617699
G2 G2 5.631311766814822
H2 G2 5.698211098612987
I2 H2 5.634902008709487
J2 I2 5.898933875928769
K2 J2 5.464336180361669
L2 L2 5.686277676335662
M2 L2 5.848021723612868
N2 M2 5.679161470374859
O2 N2 6.016325741968624
P2 P2 5.4149701637234235
Q2 P2 5.655201983323175
R2 Q2 5.941894584392652
S2 S2 5.966377821451368
frame 2
B1 A1 5.36246004946604
C1 C1 5.585162516747215
D1 C1 5.59809376008393
E1 E1 5.501019577034215
F1 E1 5.570911673082718
G1 F1 5.725382406477686
H1 G1 5.472348514971558
I1 H1 5.893848702801504
J1 I1 5.788413705385935
K1 K1 5.755008807669516
L1 K1 5.62119193258108
M1 L1 6.2255692564223
N1 M1 5.982167840694839
O1 O1 5.5477869732746035
P1 P1 5.664646936147972
Q1 P1 5.936289851136516
R1 R1 5.837224988143572
S1 R1 5.865604872986864
B2 A2 5.925515908511909
C2 C2 6.035537067391517
D2 C2 5.659624377724423
E2 D2 5.973213529935722
F2 E2 5.965265029043538
G2 G2 5.424055656966364
H2 G2 5.595866091438852
I2 I2 5.693879932520438
J2 I2 5.69457946995803
K2 J2 5.707407252403719
L2 L2 5.584329202035137
M2 L2 5.838797738814469
N2 M2 6.37196491730128
O2 O2 5.916661056492558
P2 O2 5.633629532359022
Q2 P2 5.943558811036886
R2 Q2 6.584974143763875
S2 R2 5.831672152037455
frame 3
B1 B1 5.626634577070273
C1 B1 5.564772396852003
D1 D1 6.047089768374034
E1 E1 5.645327899768219
F1 E1 5.9506978321277
G1 F1 6.057810010011178
H1 G1 5.983731423994059
I1 I1 5.48667267534637
J1 I1 5.978902499450769
K1 J1 5.956468611790155
L1 L1 5.561848277640693
M1 M1 5.672550366218202
N1 M1 5.883470952809593
O1 N1 5.895355915332892
P1 O1 5.849565568387386
Q1 P1 5.858521331149723
R1 R1 5.522621361932915
S1 S1 6.118321510974896
B2 B2 5.584543612734593
C2 C2 5.60649378054963
D2 C2 5.85512092809337
E2 D2 6.214102946433154
F2 E2 5.837446997627985
G2 G2 5.5851885760538575
H2 H2 5.9903770352090815
I2 I2 6.072598552069284
J2 J2 5.471044250164113
K2 J2 5.689918062643182
L2 L2 5.534804766250355
M2 L2 5.743677541626791
N2 M2 6.1059587278214424
O2 N2 5.8983825857910155
P2 O2 5.913608068430672
Q2 P2 6.331868310943663
R2 R2 6.099256270264037
S2 R2 5.861939841538795
frame 4
B1 B1 5.512402923590046
C1 C1 5.7321841767837665
D1 C1 6.312700832781805
E1 E1 5.5730662033400264
F1 F1 5.471310001485627
G1 G1 5.34026504932973
H1 G1 5.748537146847342
I1 H1 5.689943772542949
J1 I1 5.999329449500375
K1 J1 5.737809273653679
L1 L1 5.95648954306609
M1 L1 5.801308060201212
N1 M1 5.617478060953948
O1 N1 5.863653380107344
P1 P1 5.682803424568422
Q1 P1 5.577974265872541
R1 R1 5.686746237149982
S1 R1 5.699236850696741
B2 A2 5.784783102350839
C2 B2 5.628495590651687
D2 C2 5.893817226095171
E2 E2 5.686225329718921
F2 E2 5.94251532333738
G2 G2 5.477962250568445
H2 H2 5.70920885476099
I2 H2 5.5027215742333295
J2 I2 5.860404193670545
K2 K2 5.483730244143387
L2 L2 5.631551666360105
M2 M2 5.87841006092013
N2 N2 6.005098282572385
O2 N2 5.830800882850016
P2 O2 5.880751248936426
Q2 P2 5.87040125389041
R2 Q2 6.301441923455626
S2 R2 6.175407390405406
frame 5
B1 A1 5.486359692597461
C1 C1 5.7776952279756575
D1 C1 5.691217639550235
E1 D1 5.898497736183154
F1 E1 5.977476838065597
G1 F1 5.697824408896733
H1 G1 6.286409685229966
I1 H1 5.835639894926622
J1 J1 5.971328761665161
K1 J1 5.8461692241268
L1 K1 5.6563680126152445
M1 L1 5.781589167570167
N1 M1 5.850781771554074
O1 O1 5.792153633385844
P1 P1 5.5916713053774565
Q1 P1 5.998418167834208
R1 R1 5.549611949213922
S1 R1 5.890000016525722
B2 B2 5.758285627722463
C2 B2 5.6950917925794275
D2 D2 5.531912372506103
E2 D2 5.844818923000139
F2 F2 5.716235354948475
G2 F2 5.88625257725244
H2 H2 5.778306505397923
I2 H2 5.6991817774814635
J2 J2 5.90309415260703
K2 J2 5.58318343933068
L2 L2 5.663751913108579
M2 L2 5.62491762056891
N2 M2 6.007868689834709
O2 N2 5.640993962609356
P2 P2 5.531906176935382
Q2 P2 5.745230394520978
R2 Q2 5.822246827983445
S2 R2 5.910959356059182
frame 6
B1 B1 5.423378698864642
C1 B1 5.753369976537572
D1 D1 5.888268266106075
E1 E1 5.6370390416464184
F1 E1 5.932688509515588
G1 G1 5.571688066516209
H1 G1 5.869182631316304
I1 I1 5.860875202841976
J1 I1 6.034211428536387
K1 J1 5.78739811650988
L1 L1 5.9153918092107665
M1 L1 6.303051120085864
N1 M1 5.924575354871735
O1 O1 5.728211045862656
P1 O1 6.083237038874714
Q1 P1 5.918166697962588
R1 Q1 5.783910582026615
S1 R1 6.1704933999296125
B2 B2 5.506416392950746
C2 C2 5.440999325427883
D2 C2 5.911026967838184
E2 D2 6.554688232907672
F2 E2 5.504545139652116
G2 F2 5.897279345134643
H2 H2 5.7011358990390875
I2 I2 5.499495404892803
J2 I2 5.491942951584703
K2 J2 5.486358044228798
L2 K2 5.766806991238767
M2 L2 5.543662854991792
N2 N2 5.943727621731293
O2 N2 5.5659577481532745
P2 O2 6.042366985247588
Q2 Q2 5.357533857300056
R2 Q2 5.34757802520946
S2 R2 5.961439421369509
frame 7
B1 A1 5.939639306277503
C1 C1 6.2053024166944635
D1 C1 5.845679778889423
E1 D1 5.913500759558819
F1 E1 5.737947103602971
G1 G1 5.7736887370642815
H1 G1 5.877935614166863
I1 H1 5.67128135171884
J1 I1 5.806894101845382
K1 J1 5.6912129236271225
L1 L1 5.406606717234805
M1 L1 5.672026009699209
N1 M1 5.777791643982159
O1 N1 5.89387697059086
P1 O1 5.878242761290329
Q1 P1 6.383239316386613
R1 R1 5.674574310350943
S1 R1 5.759478824927155
B2 A2 5.497102849741462
C2 B2 5.8670178848452235
D2 C2 5.634187710184793
E2 D2 6.027336381330393
F2 E2 5.732828173518293
G2 G2 5.26098194833085
H2 G2 5.734179705979342
I2 H2 5.6599528122375435
J2 I2 5.732036622202093
K2 K2 6.04990170495404
L2 L2 5.676999320970248
M2 M2 6.033439895130477
N2 M2 5.60783237178567
O2 O2 5.811942980185936
P2 O2 5.887578371472296
Q2 P2 5.810664242364382
R2 Q2 5.737416069485942
S2 S2 5.737293234212127
frame 8
B1 A1 5.807213391540488
C1 B1 5.872096805274052
D1 D1 5.460137877668541
E1 D1 5.881556629996686
F1 F1 5.550824582366877
G1 F1 5.627920957217035
H1 G1 5.7825338563040765
I1 H1 5.513194473406711
J1 I1 5.828739356392143
K1 K1 5.4752032927313925
L1 L1 5.639286643850212
M1 L1 5.5518120986144925
N1 N1 5.4994110188011245
O1 N1 6.21305947709623
P1 O1 5.866989324234806
Q1 Q1 5.829827980536797
R1 R1 5.395103443492625
S1 R1 5.784151544963137
B2 A2 5.558782448281586
C2 C2 6.0524188662162155
D2 C2 5.8237566454953384
E2 D2 6.102504962074037
F2 E2 5.6661353897686535
G2 F2 5.6692057251723185
H2 G2 6.118126615418238
I2 I2 5.869498911532948
J2 I2 5.89225260474451
K2 K2 6.02938526099412
L2 K2 5.722276430889306
M2 L2 5.675146804870427
N2 M2 5.826438899007101
O2 N2 5.827279767048791
P2 O2 6.302033771553473
Q2 P2 5.967485116452387
R2 Q2 5.804299274668559
S2 R2 5.8317999603616135
frame 9
B1 A1 5.76289734916249
C1 C1 5.312235087845113
D1 C1 5.495777353693982
E1 E1 5.480571542731313
F1 E1 5.833685453978549
G1 F1 5.819645835066522
H1 G1 5.944284765602228
I1 H1 5.753497587826342
J1 I1 5.747460082111401
K1 J1 5.8775839115689585
L1 L1 5.658667093731851
M1 L1 5.844183253303446
N1 M1 5.767935801978804
O1 O1 5.8694970105502975
P1 P1 5.604504795665561
Q1 P1 5.636401708559187
R1 R1 5.743668340049096
S1 R1 5.695993060096081
B2 B2 5.686425205839625
C2 B2 5.90731939858101
D2 D2 6.071946722505273
E2 E2 5.565083143989383
F2 E2 5.726698676478037
G2 G2 5.693484112876561
H2 H2 6.3310489109535855
I2 H2 5.8456752161407834
J2 I2 5.857668996751199
K2 K2 5.309008335139493
L2 K2 5.6851278041315805
M2 L2 5.700402604363685
N2 N2 5.783600543939722
O2 N2 5.812771434221126
P2 P2 5.867358803446147
Q2 Q2 5.9055463831720285
R2 Q2 6.078034639765489
S2 R2 6.047925708181278
frame 10
B1 A1 5.653565545032067
C1 C1 5.8992526357042046
D1 C1 5.739991772947594
E1 E1 5.492506140344418
F1 E1 6.011108501369551
G1 G1 5.8175939941960255
H1 G1 5.704842978290538
I1 H1 6.022884872696135
J1 I1 6.0081018283228165
K1 K1 6.0462757585136435
L1 K1 5.700895373080124
M1 M1 5.252558815001197
N1 N1 5.363974867384785
O1 N1 5.7393675793726135
P1 O1 6.108243123541348
Q1 Q1 5.744488647238199
R1 Q1 6.0620524237426965
S1 R1 6.4945056474183716
B2 A2 6.265943455103151
C2 B2 5.948893462877888
D2 C2 5.789851097580229
E2 E2 5.728638504011533
F2 E2 5.808486822493218
G2 G2 5.83210515431043
H2 H2 5.71598199308618
I2 H2 5.602659448941037
J2 J2 5.696195485157914
K2 J2 5.746099573928592
L2 L2 5.3407429157743875
M2 M2 5.755609007878051
N2 M2 5.635577960567818
O2 N2 5.857310661618594
P2 P2 5.950717956620235
Q2 P2 5.70364891347311
R2 Q2 5.977245385990279
S2 R2 5.983238066870458
frame 11
B1 B1 5.20000502252443
C1 B1 5.840938061998918
D1 C1 6.06856284463574
E1 E1 5.635395051598674
F1 F1 5.8912330364809256
G1 G1 6.057411744248961
H1 H1 6.000474671210859
I1 H1 5.778323427070785
J1 I1 5.912488353770249
K1 J1 5.857806235877564
L1 K1 5.72142537923861
M1 L1 5.637065503389221
N1 N1 5.505163346226458
O1 O1 5.637170897073066
P1 P1 5.591837788663697
Q1 P1 5.683901687964626
R1 Q1 5.810633561003939
S1 R1 5.881309470921006
B2 B2 5.412001499503358
C2 C2 5.817583635533272
D2 C2 5.653204388390608
E2 D2 5.999936477685604
F2 E2 5.93731235689118
G2 G2 5.409587785858859
H2 G2 5.537344811153595
I2 H2 5.906068850553606
J2 I2 5.572170282252747
K2 K2 5.858853234797028
L2 L2 5.583845553215788
M2 M2 5.536279288511294
N2 M2 6.081425445117278
O2 O2 5.818518000962181
P2 P2 5.427735376698246
Q2 P2 5.70009539136258
R2 Q2 5.680041917183809
S2 R2 5.8500039042407135
frame 12
B1 A1 5.540092858457708
C1 B1 5.692261586889024
D1 C1 5.887657024039078
E1 E1 5.582228874106203
F1 E1 5.961830317336894
G1 G1 5.5096658201017785
H1 G1 6.0877433475841425
I1 H1 5.847292747595366
J1 I1 5.710904000329433
K1 K1 5.338405797800683
L1 L1 5.441689698756609
M1 L1 5.899565251156728
N1 N1 5.85209592145732
O1 O1 5.8421092344703895
P1 P1 5.723191349136431
Q1 P1 5.762362606612416
R1 Q1 5.6823261162174825
S1 R1 6.272557162790477
B2 A2 6.149625661133086
C2 B2 6.217607989816
D2 D2 5.8284350958825355
E2 E2 5.540212847464587
F2 E2 5.596105133853893
G2 G2 5.507808848964832
H2 H2 5.614382110168113
I2 H2 5.541029755973593
J2 J2 5.9889870269544705
K2 K2 5.87672067128859
L2 K2 5.869222855258187
M2 M2 5.439931746650367
N2 M2 5.541826906727064
O2 N2 5.763544254651161
P2 O2 5.654411499589799
Q2 P2 5.746450461186945
R2 Q2 5.67490723620201
S2 S2 5.6932885064575816
frame 13
B1 B1 5.392997474926686
C1 C1 5.775022934102822
D1 D1 5.467796860384014
E1 E1 5.406233450024743
F1 E1 5.975674973069833
G1 F1 5.375163739358039
H1 H1 5.7999785450708785
I1 H1 5.728487385086492
J1 J1 5.692692397613586
K1 J1 5.595306733679083
L1 K1 5.949230799199162
M1 M1 5.988170836077266
N1 N1 5.500059227414012
O1 N1 5.824007441215256
P1 O1 5.96648092752232
Q1 P1 6.2882050685080175
R1 R1 5.662419428946954
S1 R1 6.060337031972173
B2 A2 5.548773163930867
C2 C2 5.3894698274695365
D2 C2 5.687056535507786
E2 E2 5.516820673245946
F2 E2 5.842036284483777
G2 G2 5.683078393336909
H2 G2 6.03341700884928
I2 I2 5.704815110427778
J2 J2 5.9602164498615675
K2 J2 5.634578032000389
L2 L2 5.901363757283768
M2 M2 5.732337643744293
N2 N2 5.9357607471326
O2 N2 5.562454916526934
P2 O2 5.9778007467394
Q2 Q2 5.663531049242214
R2 Q2 6.037114031255919
S2 S2 6.143430259589334
frame 14
B1 A1 5.810762578243385
C1 C1 5.870648086323719
D1 C1 5.946458876017762
E1 E1 5.803869664953833
F1 F1 5.544847670429849
G1 F1 5.9206364382734
H1 G1 5.865592878700924
I1 H1 5.874424767552657
J1 I1 5.905055325598439
K1 J1 5.669832070982077
L1 K1 5.538374800948404
M1 L1 5.678494284764794
N1 N1 5.593990545137976
O1 O1 5.749820724077038
P1 O1 5.831084016446282
Q1 Q1 5.690114004823862
R1 Q1 5.617114845464158
S1 R1 5.784000005116689
B2 B2 5.453187675773851
C2 B2 5.668485983236078
D2 C2 6.067572900780685
E2 E2 5.500506407945095
F2 E2 5.715704712392052
G2 G2 5.320924486972523
H2 G2 5.787699168902737
I2 H2 5.980790504401769
J2 J2 5.795489274972819
K2 J2 5.681326986058061
L2 K2 5.783944143475385
M2 M2 5.695785066826995
N2 N2 5.793001017511043
O2 N2 6.046691972545791
P2 O2 5.758738976241505
Q2 P2 5.699087127003387
R2 Q2 5.8933137122846375
S2 R2 5.966945580945791
frame 15
B1 B1 6.135078496522854
C1 C1 5.552435483757102
D1 D1 5.912322708392208
E1 D1 5.944155607083132
F1 F1 5.969422503479817
G1 G1 6.018664977020036
H1 G1 5.949721360481607
I1 H1 5.948463233908453
J1 I1 5.631072867238043
K1 J1 5.683494614711581
L1 K1 6.022153490292104
M1 L1 5.907740228119878
N1 M1 5.536046779490506
O1 O1 5.715575629349559
P1 P1 5.802515657344214
Q1 Q1 5.664271283874109
R1 R1 5.300657903412187
S1 S1 5.793307877524465
B2 A2 5.630314400735235
C2 C2 5.918904641868222
D2 C2 5.7740764283781125
E2 E2 5.693984419822756
F2 E2 5.971296086545839
G2 G2 5.576832594723582
H2 G2 5.652742918510436
I2 H2 5.699416105476833
J2 I2 5.418509718911051
K2 J2 5.6804723741907175
L2 K2 5.640139200093774
M2 L2 5.79641693732517
N2 N2 5.696367847522701
O2 N2 5.803640681215501
P2 O2 5.55089339841241
Q2 Q2 5.662399639737678
R2 Q2 5.5156553567213376
S2 S2 5.956047883614006
frame 16
B1 B1 5.7320066995671874
C1 C1 5.571127492157597
D1 C1 5.970332765368542
E1 D1 5.517609005167555
F1 F1 5.665627566160317
G1 F1 5.678725785137481
H1 G1 5.835229840389708
I1 H1 5.735167793608053
J1 I1 5.723981487513909
K1 J1 6.061852410289755
L1 L1 5.59960116181914
M1 L1 6.007738063022963
N1 N1 5.531782162792377
O1 N1 5.9381304252108125
P1 O1 5.577711536730068
Q1 P1 5.861336044459252
R1 Q1 5.534808222474961
S1 R1 5.967493926421072
B2 B2 5.781736591124462
C2 B2 5.668782979081379
D2 C2 5.807110244797529
E2 E2 5.936466649911618
F2 E2 5.863001446133008
G2 F2 5.582529763333355
H2 H2 5.720653716021458
I2 H2 6.133501580760732
J2 J2 5.819721404379546
K2 K2 5.648516620979892
L2 K2 5.581713118831086
M2 M2 5.662154840977768
N2 N2 5.709972886437443
O2 N2 6.004416369337031
P2 O2 5.627471152526252
Q2 P2 5.496631738905688
R2 Q2 5.902693453628075
S2 R2 5.711666695734574
frame 17
B1 A1 5.9463554967622105
C1 B1 5.719050229249056
D1 C1 5.621335709672827
E1 D1 5.819806237572218
F1 E1 5.762449068630331
G1 F1 5.633568899223101
H1 G1 6.051101724730236
I1 H1 5.848379671444058
J1 I1 5.7955479578166935
K1 J1 5.726267130374073
L1 L1 5.7192065906742
M1 M1 5.451664634462024
N1 M1 5.680351690418091
O1 O1 5.463461021739348
P1 O1 5.694021627103705
Q1 Q1 5.561708704235139
R1 Q1 6.153655661295466
S1 R1 6.298857011256149
B2 B2 5.574739074924361
C2 B2 5.386769371853446
D2 D2 5.3002224237259705
E2 E2 5.611153613351648
F2 E2 5.735415554637279
G2 F2 5.710922465010795
H2 H2 6.299368421540923
I2 H2 5.722779167124421
J2 I2 5.725110535249402
K2 K2 5.101548525739853
L2 K2 5.625173593233246
M2 M2 5.616687766613739
N2 M2 5.94073570331649
O2 N2 5.9531203358782685
P2 O2 6.15513752510886
Q2 Q2 5.91429329425659
R2 Q2 5.790179724911569
S2 R2 6.129931749043048
frame 18
B1 A1 5.656305592608564
C1 C1 5.821087621520439
D1 C1 6.179169635286857
E1 E1 5.630653406435005
F1 E1 5.432363492701516
G1 F1 5.930316076318319
H1 G1 6.506478593151011
I1 H1 5.840216797106351
J1 J1 5.882261045617679
K1 J1 5.846023074127604
L1 L1 5.743703776123858
M1 L1 5.843329255774748
N1 M1 5.648046381486073
O1 N1 5.707224624903263
P1 P1 5.37840027096203
Q1 P1 5.564362418259209
R1 Q1 5.697657102181099
S1 R1 5.918966591929208
B2 B2 5.683171818172625
C2 B2 5.661891649453997
D2 C2 5.808836862944718
E2 D2 5.671089664703843
F2 E2 5.569637495037342
G2 G2 5.32702299693609
H2 H2 5.512434022447367
I2 H2 5.774969620203855
J2 I2 5.695341607643772
K2 K2 5.253228629407003
L2 K2 5.800435789819884
M2 L2 5.870948182777216
N2 M2 5.904720041194129
O2 O2 5.657179425619402
P2 O2 6.20288730296297
Q2 P2 5.648218817771259
R2 Q2 5.773108669222015
S2 S2 5.9644678910178275
frame 19
B1 A1 5.808056147138434
C1 C1 5.360016214858082
D1 C1 5.744871463046025
E1 E1 5.666869945659719
F1 E1 5.567298167405191
G1 F1 6.2929443499351665
H1 G1 6.123667060078998
I1 H1 5.589820722203599
J1 I1 5.913969804527256
K1 J1 5.560717175648137
L1 L1 5.718149872602624
M1 M1 5.819310028466604
N1 M1 5.839161309181204
O1 O1 5.425030405910894
P1 O1 5.986532204432939
Q1 Q1 6.024942796959582
R1 R1 5.472042576816263
S1 S1 5.38867138637388
B2 B2 5.736103165979214
C2 B2 5.66776677270439
D2 D2 5.650415580322316
E2 D2 5.715084685537277
F2 E2 5.507193882271899
G2 G2 5.673343077512538
H2 G2 5.6530052716539565
I2 H2 5.762158981055505
J2 J2 5.933242827465034
K2 K2 5.509444541150613
L2 K2 5.833331970565092
M2 M2 5.748683044076194
N2 M2 6.065692928202275
O2 N2 5.926043512081334
P2 O2 5.853782555778157
Q2 P2 6.15920270331263
R2 Q2 5.5493913085864355
S2 S2 5.900879116517356
frame 20
B1 B1 5.407385735965186
C1 C1 5.695671299822582
D1 C1 5.4787005439076495
E1 D1 5.679746904303852
F1 F1 5.472480466142419
G1 G1 6.011026676091513
H1 H1 5.607045393677
I1 H1 5.813683517890969
J1 I1 5.867912663098946
K1 J1 5.730314984561445
L1 L1 5.531288292787841
M1 L1 5.998016562021836
N1 M1 5.886949952490813
O1 O1 5.803702599835366
P1 O1 5.937275830467186
Q1 P1 5.838545163075053
R1 R1 5.596900733769958
S1 S1 5.65526766219451
B2 B2 5.375540235701873
C2 B2 6.094073964767544
D2 C2 5.551835489627813
E2 D2 5.841410881627085
F2 F2 5.808548566214242
G2 F2 5.654432397008694
H2 H2 5.556225359600926
I2 H2 5.70887039458103
J2 I2 5.67780094886815
K2 J2 5.509263085775503
L2 K2 6.013880519401812
M2 L2 5.648318006666923
N2 M2 5.629799254343551
O2 N2 6.026285641604502
P2 O2 5.843016898904282
Q2 P2 5.861655009301776
R2 Q2 5.831427462455748
S2 R2 5.974509889848733
frame 21
B1 B1 5.809006527757657
C1 C1 6.210840648340279
D1 C1 5.774568331199444
E1 D1 5.588670413849144
F1 E1 5.753119437199985
G1 F1 5.566986606763073
H1 G1 5.879846696851115
I1 H1 6.235464418625092
J1 I1 5.770346798627737
K1 J1 5.827051438507636
L1 K1 5.864174827798499
M1 L1 5.783025982330219
N1 M1 5.722330527356353
O1 N1 5.8217274842274715
P1 O1 5.988028020856028
Q1 P1 6.222065239447901
R1 R1 5.525588754223839
S1 S1 5.717509602214571
B2 B2 5.6429311763347805
C2 B2 5.563225404796911
D2 D2 5.973304103618046
E2 E2 5.74900757375707
F2 E2 6.070342875477906
G2 G2 5.560509889263022
H2 H2 6.08257479712545
I2 I2 5.760568113792336
J2 I2 6.013115962742434
K2 J2 5.638204357837311
L2 K2 5.534783497649016
M2 L2 5.671018351607618
N2 M2 5.719370769870743
O2 N2 5.802911932374388
P2 O2 5.733544459819938
Q2 P2 5.995590776605887
R2 R2 5.8470791383232426
S2 S2 5.451262777948542
frame 22
B1 B1 5.640718913410467
C1 C1 5.757550619731406
D1 C1 5.925318685070389
E1 E1 5.657302030134935
F1 E1 5.703594766617918
G1 G1 5.654686762074308
H1 G1 5.787876796007243
I1 I1 5.705254745611433
J1 I1 5.775912985357888
K1 J1 5.835659668698013
L1 L1 5.449137485352813
M1 M1 5.893891835488487
N1 M1 5.770168623902558
O1 O1 5.555320843100719
P1 O1 5.678523767637717
Q1 P1 5.689682374900275
R1 R1 6.1437740093209445
S1 R1 6.901729089977754
B2 B2 5.774900624676234
C2 B2 5.811392458886399
D2 C2 6.22012902361232
E2 D2 5.744945163587411
F2 E2 5.887597745686876
G2 G2 5.886522748287548
H2 H2 5.58505113739864
I2 H2 5.678482971012576
J2 I2 5.723783939938401
K2 K2 5.644624847835097
L2 L2 5.652131757399588
M2 L2 5.475312162508723
N2 M2 5.88877212465964
O2 N2 5.985722964971547
P2 P2 5.655057530926366
Q2 Q2 5.662766128866518
R2 Q2 5.708405677550473
S2 S2 5.54782925874362
frame 23
B1 A1 5.836322419385485
C1 B1 5.387486850568726
D1 C1 5.921546672671671
E1 D1 5.778949893969445
F1 E1 5.788339226768734
G1 F1 5.965667172202498
H1 G1 5.560639056712418
I1 H1 5.963186829185893
J1 I1 5.531754451843738
K1 J1 6.0671762287490045
L1 K1 5.582967269374207
M1 L1 5.7085432366969595
N1 M1 5.76168791403525
O1 O1 5.655526093371319
P1 O1 5.3826520548195775
Q1 P1 6.020018997498619
R1 R1 5.62708306528625
S1 R1 6.448163203070022
B2 A2 5.653608531674986
C2 C2 5.468208378601466
D2 C2 5.3612029398692425
E2 D2 6.23590276233353
F2 E2 5.615267447548826
G2 G2 5.5556877036186485
H2 H2 6.007565275394903
I2 I2 5.760649732201356
J2 I2 5.490187712935351
K2 K2 5.893777549940101
L2 L2 5.468013288614875
M2 L2 5.821563307008393
N2 N2 5.836518064480466
O2 N2 5.805921805201803
P2 O2 5.799898748297606
Q2 Q2 5.723016273315884
R2 Q2 5.975306374897511
S2 S2 5.989904043153491
frame 24
B1 A1 5.50236838904139
C1 C1 5.953665985601248
D1 C1 5.894963824297284
E1 E1 5.322594036354166
F1 F1 5.22519686886389
G1 F1 5.799105326546992
H1 G1 5.64809383184438
I1 I1 5.720253052436655
J1 I1 5.678362683630708
K1 K1 5.569623969601691
L1 L1 5.5926110710627635
M1 L1 5.777014863080493
N1 N1 5.697433824647817
O1 O1 5.828310477961805
P1 O1 5.8121985556429
Q1 P1 5.780480420395509
R1 R1 5.476482964180226
S1 R1 5.744094096642578
B2 B2 5.65185849729281
C2 B2 5.931600361740658
D2 C2 5.688338345948601
E2 D2 6.090233329000817
F2 E2 5.621565210910437
G2 G2 5.405815255446715
H2 H2 5.664333530241078
I2 H2 5.70967091806979
J2 I2 5.881975008687102
K2 J2 5.327693901685478
L2 K2 5.532251894285582
M2 M2 5.713960857292216
N2 N2 5.707487728256212
O2 O2 5.56382964541972
P2 P2 5.670351765575759
Q2 P2 5.802220382228135
R2 Q2 5.708410260496564
S2 S2 5.988740207409832
frame 25
B1 B1 5.462738795073757
C1 B1 5.717144381266411
D1 D1 5.371561393063686
E1 E1 5.475716546250954
F1 E1 5.910002134762585
G1 F1 5.633827388407926
H1 G1 5.992735464797768
I1 I1 6.153827756824254
J1 I1 6.1394533037997565
K1 J1 5.713414549892811
L1 K1 5.70118983603566
M1 L1 5.732762005601266
N1 M1 5.986915898606345
O1 O1 6.062345964953893
P1 O1 6.112640880721711
Q1 P1 6.117016881273192
R1 R1 5.3618578605397
S1 R1 5.747825524704529
B2 B2 5.3575243103042585
C2 C2 5.386441859021068
D2 C2 5.684769721258894
E2 E2 5.816101419629786
F2 E2 5.64840400315834
G2 G2 5.741093065343499
H2 G2 5.688770154405941
I2 I2 5.670118457997821
J2 J2 5.575840724103732
K2 J2 6.0705131377160475
L2 L2 5.602430929516492
M2 L2 6.0571063084538
N2 M2 5.815327010047268
O2 N2 5.828096082480684
P2 P2 5.590361165241491
Q2 P2 5.459890009844828
R2 Q2 6.1553974430441
S2 S2 6.045345759179279
frame 26
B1 B1 5.834473127158619
C1 B1 5.7060685543232985
D1 C1 5.762456469240519
E1 E1 5.460828159329311
F1 E1 5.8080599576587835
G1 G1 5.831691200675828
H1 G1 5.960190249969018
I1 H1 5.6912104683060205
J1 I1 5.768669787538593
K1 J1 5.733197396710331
L1 K1 5.851798114384325
M1 L1 5.769092871954277
N1 N1 5.950930181929596
O1 N1 5.929130760248917
P1 O1 5.873300158612641
Q1 Q1 5.556658508528649
R1 R1 5.473023578905459
S1 R1 6.199528692840437
B2 B2 5.473057345436844
C2 B2 5.52685497084826
D2 C2 5.6747576235487065
E2 D2 5.605077793066623
F2 F2 5.755193557078358
G2 F2 5.559959291958463
H2 H2 5.865373078188752
I2 H2 5.77494774276091
J2 I2 5.809289640741545
K2 J2 5.4377225522272346
L2 L2 5.394319245576458
M2 L2 5.703245959984758
N2 N2 5.808047803257782
O2 N2 5.964054397963745
P2 O2 5.787104454601825
Q2 P2 6.1299731125717924
R2 R2 6.386387705946556
S2 R2 5.602847930880287
frame 27
B1 B1 5.739301329695906
C1 C1 5.781335565615682
D1 C1 5.476070776621062
E1 E1 5.446908877229974
F1 F1 6.0338206402414105
G1 F1 5.48700727837822
H1 G1 5.586760833323701
I1 H1 5.511676680285936
J1 I1 5.6279967638206685
K1 J1 5.742847160486332
L1 K1 5.829731337094295
M1 L1 5.663628120779708
N1 M1 5.7342277502145205
O1 N1 5.825671670224195
P1 O1 6.136189133160208
Q1 P1 6.000519760259006
R1 R1 5.834616632536012
S1 R1 6.261929542178841
B2 B2 5.359626217935762
C2 B2 5.873972350164753
D2 C2 6.236548297556191
E2 D2 5.928228180024867
F2 E2 5.665937613093721
G2 G2 5.533888351516824
H2 H2 5.736079262855146
I2 H2 5.817129644613592
J2 I2 5.453180355255439
K2 J2 5.9227139118115835
L2 L2 5.9710462291266175
M2 M2 5.750761217251603
N2 N2 5.653958641338603
O2 N2 5.83869281187307
P2 O2 5.555946414372018
Q2 P2 5.810963158745558
R2 Q2 6.106874372056477
S2 S2 5.63119345688444
frame 28
B1 A1 5.460411844589817
C1 C1 5.741327532146899
D1 C1 5.707905114044464
E1 E1 5.620087409494864
F1 E1 5.963351845660295
G1 F1 5.752630166961206
H1 G1 6.462282860591252
I1 H1 5.903655028381781
J1 J1 5.730655608062272
K1 K1 5.667304618467567
L1 L1 5.598981613777017
M1 L1 5.783641251751607
N1 M1 5.888979068722995
O1 O1 5.890492671489305
P1 O1 5.927024360961741
Q1 P1 6.088584742053324
R1 R1 5.7213640753875055
S1 R1 5.9661144179273
B2 A2 5.796056692571118
C2 C2 6.069277493698121
D2 C2 5.861310248432363
E2 E2 5.811650628685024
F2 E2 5.477808905346567
G2 G2 5.680709714204483
H2 H2 6.180779377446567
I2 H2 5.558097355489895
J2 I2 5.765414895395577
K2 J2 6.2558207097786225
L2 K2 6.228436359558581
M2 L2 5.629278838453238
N2 M2 5.68761986328597
O2 N2 5.917571367445649
P2 O2 5.513398692583308
Q2 P2 5.746592624779791
R2 Q2 5.842848341925418
S2 R2 6.108232471962633
frame 29
B1 A1 5.640903203430317
C1 C1 5.793855235009043
D1 D1 5.53444873104509
E1 E1 5.417407113488002
F1 E1 5.7630515137223775
G1 F1 5.90716486620097
H1 G1 5.893349709904412
I1 I1 5.7175689799442075
J1 I1 5.632877889724157
K1 J1 5.6062184129464825
L1 L1 5.945926402129613
M1 M1 5.708117725493895
N1 M1 5.602760252985983
O1 O1 5.825741408476614
P1 O1 5.851443269767665
Q1 P1 6.139469764331765
R1 R1 6.132468179819336
S1 S1 6.0607123912839596
B2 B2 5.3400379737359716
C2 C2 5.731729268396725
D2 D2 5.3624346356661245
E2 D2 5.959456143961432
F2 E2 5.722195945033599
G2 G2 5.386768523428138
H2 H2 5.8811963807237495
I2 H2 5.998486015465793
J2 I2 5.903365918008641
K2 J2 5.707977873965152
L2 L2 5.4604678705621055
M2 L2 5.7062683276639685
N2 M2 5.844316201882677
O2 N2 5.548252509520092
P2 O2 6.032122353666723
Q2 P2 5.803102806299505
R2 Q2 6.4440534678927115
S2 R2 5.95750930061434
frame 30
B1 B1 5.494204638010077
C1 B1 5.842301915281359
D1 C1 5.944275008221296
E1 E1 5.860960424746369
F1 E1 5.530075651154876
G1 F1 5.909119924961689
H1 G1 6.130479114887756
I1 H1 5.631764608175842
J1 I1 5.446635314846485
K1 J1 5.762554607243343
L1 L1 5.7630352907590545
M1 L1 5.800563372853596
N1 N1 5.588337277522785
O1 N1 5.898688869489196
P1 O1 5.704677843526094
Q1 Q1 6.400636857997396
R1 R1 5.658701947456893
S1 S1 6.321826273579647
B2 B2 5.504536025603177
C2 C2 5.74959810547473
D2 C2 5.900563130575822
E2 D2 5.569588233740576
F2 E2 5.602293335153065
G2 G2 5.682880094585121
H2 H2 5.480471594832932
I2 I2 5.488148244952115
J2 I2 5.593937733229978
K2 K2 5.7049378317802315
L2 K2 5.644100368894808
M2 L2 5.520514146802341
N2 N2 5.649611927062738
O2 N2 5.611982944370589
P2 O2 5.962359437553855
Q2 Q2 5.994047341739334
R2 Q2 6.40960240009211
S2 R2 6.202044990742806
frame 31
B1 A1 5.636768807686303
C1 C1 5.552504197571399
D1 C1 6.110466676613751
E1 E1 6.057041686303841
F1 F1 5.909040845458458
G1 F1 5.53416620515615
H1 G1 5.813562232860724
I1 H1 5.895254596314636
J1 J1 5.400051237612794
K1 J1 5.702519525832284
L1 K1 5.773238949555591
M1 M1 5.612596474517278
N1 M1 5.800942544657878
O1 N1 5.408287317519185
P1 O1 5.885896264158944
Q1 P1 6.033348219337567
R1 R1 5.889560683065598
S1 R1 6.477153448855117
B2 B2 5.73182674982055
C2 B2 5.867578948331743
D2 C2 6.128253424568801
E2 D2 6.511487834850634
F2 F2 6.019417980349446
G2 G2 5.517758067351679
H2 H2 5.751558730535865
I2 I2 5.95526949789232
J2 I2 5.652651642302121
K2 J2 5.746493694440299
L2 K2 5.71677061818431
M2 M2 5.827482147746988
N2 M2 5.946499726125359
O2 N2 5.6306898858446655
P2 O2 5.717297844392056
Q2 P2 5.810840527543635
R2 Q2 6.271882700399137
S2 R2 6.14474378714561
frame 32
B1 A1 5.575719787687872
C1 B1 5.591623968531281
D1 D1 5.442620053098348
E1 E1 5.56918713317705
F1 E1 5.838033737691294
G1 F1 5.5962790822047594
H1 G1 5.735333468752457
I1 H1 6.051302876620145
J1 J1 5.651128706961696
K1 J1 5.64751531574026
L1 L1 5.711083820242458
M1 M1 5.344205420799902
N1 M1 5.780085954139214
O1 O1 5.552123431305184
P1 O1 5.809542727210616
Q1 P1 5.602637189642061
R1 R1 5.391471908547462
S1 S1 6.2080162619312
B2 A2 5.864874571485738
C2 C2 5.742643973811142
D2 D2 5.795649960235855
E2 D2 5.712926958266162
F2 E2 5.562389857398906
G2 G2 5.42247044785631
H2 G2 5.659482228403782
I2 I2 5.757820645561828
J2 I2 5.525634690249059
K2 J2 5.808487730073368
L2 K2 5.6772751012382585
M2 L2 5.686148217700014
N2 M2 6.017790361020582
O2 N2 5.924957076127722
P2 O2 5.800078558449661
Q2 Q2 5.187007573773654
R2 Q2 5.853574889265193
S2 R2 5.635119483267891
frame 33
B1 A1 5.696418781323961
C1 B1 5.805906955242949
D1 D1 5.424785881132882
E1 E1 5.44805949249983
F1 E1 5.604291764931483
G1 G1 5.693210295883599
H1 G1 5.762031680076093
I1 H1 5.9041144061735045
J1 J1 5.76166136211486
K1 K1 5.5745827086483475
L1 L1 5.483684190433488
M1 L1 5.433234294081275
N1 M1 5.770391635750116
O1 O1 5.494362919994108
P1 O1 5.717479278862138
Q1 Q1 5.885395197570188
R1 R1 5.428976625945684
S1 S1 6.218025577749007
B2 A2 5.573670422605591
C2 B2 6.223372443489183
D2 D2 5.4980753156182525
E2 E2 5.8389077927734485
F2 E2 5.75773876719457
G2 G2 5.750415410192395
H2 H2 5.565172021650217
I2 H2 5.734153398458154
J2 I2 5.626563627870339
K2 J2 5.82817929700219
L2 L2 5.655339677023231
M2 L2 5.658220261940644
N2 M2 5.892979778039096
O2 N2 6.085670912689942
P2 O2 5.799402590964168
Q2 P2 5.862468292330996
R2 Q2 6.532475945075976
S2 S2 6.253352070233483
frame 34
B1 A1 6.153418630995761
C1 C1 5.572051429647633
D1 C1 5.864492849149041
E1 E1 5.346293347064416
F1 E1 5.8823410360495485
G1 F1 5.725295081260556
H1 G1 5.88303537936854
I1 H1 5.708206411983193
J1 J1 5.653090956357939
K1 J1 6.030909303725389
L1 L1 5.837962693873544
M1 L1 5.594547800800275
N1 M1 5.753108071895083
O1 N1 5.874149296893292
P1 O1 5.8846644729303765
Q1 Q1 6.0878852669683745
R1 R1 5.653707590793545
S1 S1 6.227119723173374
B2 B2 5.575066156663476
C2 C2 5.764816446402188
D2 C2 5.762634962707874
E2 D2 6.101732280379187
F2 E2 5.487818304317583
G2 F2 5.687150791237665
H2 G2 5.955660613184163
I2 I2 5.584598657981892
J2 I2 5.890768142915476
K2 J2 5.840409817298831
L2 K2 6.035934683297358
M2 L2 5.535422406471897
N2 M2 5.964051490091001
O2 N2 5.9745530864784575
P2 O2 5.715529866985652
Q2 Q2 5.721422237627655
R2 Q2 5.882080730147791
S2 S2 6.129451489020151
frame 35
B1 A1 5.891020695409727
C1 C1 6.011166077101299
D1 C1 5.367717665688866
E1 E1 5.620792730906856
F1 E1 5.712499827197544
G1 F1 5.730844000023449
H1 G1 5.679237068500916
I1 H1 5.924251778585364
J1 I1 5.7170475807356445
K1 J1 5.696574874835037
L1 K1 5.590774495927857
M1 M1 5.528950150914952
N1 M1 5.4585847329234065
O1 O1 5.633341830957708
P1 O1 6.027067982141319
Q1 P1 5.8761515837941225
R1 R1 5.588608935410847
S1 S1 6.463136391775928
B2 B2 5.760183806316399
C2 C2 5.93518696798925
D2 D2 5.414205468563303
E2 D2 5.791867929723979
F2 E2 5.819842866106881
G2 G2 5.567540866530617
H2 H2 5.802189251812278
I2 H2 5.753812090078041
J2 J2 5.670939218643052
K2 J2 5.593366827681273
L2 K2 5.808410291938198
M2 L2 5.695876994000161
N2 N2 5.5835637599291426
O2 O2 5.66548150640176
P2 P2 5.453180596523489
Q2 P2 6.0425448316499875
R2 Q2 5.842181212346102
S2 R2 6.356277873811671
frame 36
B1 B1 5.837083723841811
C1 C1 5.932423232914662
D1 D1 5.947332908799966
E1 E1 5.701447683193016
F1 E1 5.648128917488455
G1 G1 5.912994408985391
H1 H1 5.703647554589105
I1 I1 5.535488791838054
J1 I1 5.692716127589049
K1 K1 5.700941500492909
L1 K1 5.898868176223071
M1 M1 5.655177475535652
N1 N1 5.666667570171081
O1 O1 5.7205465999347185
P1 P1 5.8680297924895335
Q1 P1 5.855003440449721
R1 R1 5.284863947839949
S1 R1 6.600542844656191
B2 B2 5.572855132471576
C2 B2 5.904486096478364
D2 D2 5.719222262259671
E2 D2 5.59884732325861
F2 E2 5.767875062829924
G2 F2 5.617422767158969
H2 G2 5.902675139460486
I2 H2 5.780075367806143
J2 J2 5.769386158217545
K2 K2 6.1011396912189895
L2 L2 5.880140547078256
M2 L2 6.00866145039684
N2 M2 5.775371407514804
O2 N2 5.521020131307858
P2 P2 5.743480434833594
Q2 P2 5.8255749353777135
R2 Q2 6.033958114142887
S2 R2 5.8433394023669445
frame 37
B1 A1 5.275572060848196
C1 C1 5.648358305917896
D1 D1 5.478612382658647
E1 D1 5.698034495806222
F1 F1 5.6564834564960815
G1 F1 5.662102596871125
H1 G1 5.883012791999265
I1 I1 5.838197526970879
J1 I1 5.564707374181523
K1 J1 5.927066293964736
L1 K1 5.811946896720091
M1 M1 5.830703465095925
N1 M1 5.852692980092755
O1 O1 6.086630773811969
P1 O1 5.895067145285666
Q1 P1 5.326902901419219
R1 R1 5.483477703445914
S1 R1 6.036593089065718
B2 B2 5.5564158868467475
C2 B2 6.122392984401284
D2 C2 5.624142459043165
E2 E2 5.46561294570869
F2 E2 6.032363858140599
G2 G2 5.246495777234906
H2 H2 5.644527487535546
I2 H2 5.914625562136035
J2 I2 5.582727119266555
K2 K2 5.574845457728151
L2 K2 5.562818696323316
M2 L2 5.80913587677212
N2 N2 5.779637120725861
O2 O2 5.9419736219518136
P2 O2 5.6101642428639265
Q2 P2 5.79293774989633
R2 Q2 6.1739556395281685
S2 S2 6.2401498676961875
frame 38
B1 A1 5.619533105076185
C1 B1 5.871494302214519
D1 C1 5.644907821991084
E1 D1 5.644221839812557
F1 F1 5.762006202202575
G1 F1 5.9164945581533
H1 G1 5.64290429007457
I1 H1 5.7663697119864095
J1 I1 5.556876906266489
K1 J1 5.64379212851575
L1 L1 5.274914215210001
M1 L1 5.798847324180976
N1 M1 6.336685403399932
O1 N1 5.9632944657613844
P1 O1 6.166443301718503
Q1 P1 5.863235633631214
R1 R1 5.419895211163668
S1 R1 6.231819298714007
B2 B2 5.9500867085818
C2 C2 5.763665958574007
D2 D2 5.909577840319913
E2 E2 5.915678287413546
F2 F2 5.823262826712209
G2 F2 5.592385263469885
H2 G2 5.831973633286592
I2 I2 5.247459459622095
J2 I2 5.298494605739174
K2 K2 5.643576031903946
L2 K2 5.761914733543586
M2 M2 5.514952981584005
N2 N2 5.574961537866794
O2 O2 5.523507902836309
P2 O2 5.681022009554118
Q2 Q2 5.705405013245551
R2 Q2 6.104600441342859
S2 S2 6.221408120824552
frame 39
B1 A1 5.8463854375658
C1 B1 5.642696592764914
D1 C1 5.735649715188113
E1 D1 6.186816363992553
F1 F1 5.883487209104081
G1 F1 5.630987000090475
H1 H1 5.647086277502413
I1 H1 6.204617170805087
J1 I1 5.657727584534508
K1 J1 5.833513292310519
L1 K1 5.662436379388222
M1 L1 5.766003601003913
N1 M1 5.827965256801322
O1 O1 5.672529050934428
P1 P1 5.98632847064282
Q1 P1 5.71253232009069
R1 R1 5.388664060083168
S1 S1 6.256421264340107
B2 A2 5.718419950486221
C2 B2 5.722547203609321
D2 C2 5.691565729007511
E2 E2 5.85375208272167
F2 E2 5.87912304971652
G2 G2 5.680582345781823
H2 G2 5.886805098855163
I2 I2 5.727854275146909
J2 I2 5.771798013161192
K2 K2 5.415535871246663
L2 L2 5.85361532078156
M2 L2 6.072128468926221
N2 M2 6.058855976819584
O2 N2 5.528014046213543
P2 P2 5.860936632468243
Q2 Q2 5.887152016158249
R2 R2 6.2403186914931705
S2 R2 6.023715500128427
frame 40
B1 B1 5.884123611392458
C1 B1 5.686629548572662
D1 C1 5.6037279215666675
E1 E1 5.406472986990925
F1 E1 5.633506798315266
G1 F1 5.654095275879515
H1 H1 5.673535195365307
I1 H1 5.857686700568384
J1 I1 5.874438985787478
K1 J1 5.892866830477324
L1 K1 5.90435021532926
M1 M1 5.906609752965627
N1 M1 5.975880087973235
O1 O1 5.420524717724216
P1 O1 5.712930893759715
Q1 P1 5.634872567689361
R1 R1 5.440853549122984
S1 S1 5.941244821046728
B2 B2 5.551218708242792
C2 C2 5.67830846528157
D2 C2 6.103408550726787
E2 D2 5.917684477220067
F2 E2 5.843656903802701
G2 G2 5.31656820708281
H2 H2 6.140822997286046
I2 I2 5.57402902612832
J2 I2 5.634811637710479
K2 J2 5.547302615698754
L2 L2 5.713498623149963
M2 L2 5.623084516277691
N2 N2 5.930164885453642
O2 O2 5.86663179153704
P2 O2 5.851049646081105
Q2 P2 5.972591530575773
R2 Q2 6.762405449724962
S2 R2 6.049497345342024
frame 41
B1 B1 5.587441556013574
C1 C1 5.843965635279198
D1 C1 5.615618485160688
E1 E1 5.203524691895286
F1 E1 5.921418151707696
G1 G1 6.24897709239255
H1 G1 6.252700347616769
I1 H1 5.819865426684539
J1 I1 5.9777296462823895
K1 K1 5.727118404697397
L1 K1 5.625366614877629
M1 L1 5.832809468524641
N1 N1 5.519107301918634
O1 N1 5.756481795516696
P1 O1 6.066685694500683
Q1 P1 5.718124174186243
R1 R1 5.621782556162059
S1 R1 6.436259232678968
B2 B2 5.677409797637117
C2 C2 5.849183738440573
D2 C2 6.0451575851643335
E2 E2 5.20534354212059
F2 F2 5.869241860947281
G2 G2 5.266893525955055
H2 G2 5.609438014756703
I2 I2 5.296537315452184
J2 J2 5.611974811713878
K2 J2 5.730536634902853
L2 K2 5.67225356101989
M2 L2 5.928405769268205
N2 M2 6.0180683694444195
O2 N2 5.929898090992351
P2 O2 5.876991823673292
Q2 Q2 5.773363859407779
R2 Q2 5.988349201952931
S2 R2 5.829890771787301
frame 42
B1 A1 5.6811829297629615
C1 C1 5.772253304266915
D1 C1 5.554729612555665
E1 E1 5.82893907727113
F1 F1 5.487569720475103
G1 F1 5.542104382372665
H1 G1 5.624164388105739
I1 H1 5.675827546596366
J1 I1 5.791681148484734
K1 K1 5.665051274754718
L1 K1 5.579408998087884
M1 L1 5.633627168325055
N1 M1 6.195980215991317
O1 N1 5.729183183125826
P1 O1 5.872368592959752
Q1 P1 5.639908548958538
R1 R1 5.362216059408172
S1 S1 5.654944366086738
B2 B2 5.198108617716892
C2 B2 5.743588683636102
D2 C2 5.809186178445863
E2 D2 6.2173775559042195
F2 E2 5.96838594710633
G2 G2 5.595620211940789
H2 H2 5.961111746680788
I2 H2 5.476233671252894
J2 J2 5.594558744001347
K2 J2 5.8402209794986835
L2 K2 5.671640805658054
M2 L2 5.910552222194918
N2 N2 6.119976072296941
O2 N2 5.809940493514528
P2 O2 5.937558085931866
Q2 P2 5.778055336234175
R2 Q2 5.7882819553192215
S2 S2 5.709522034270426
frame 43
B1 B1 5.6181355416383685
C1 B1 5.544265150601095
D1 C1 5.610504128083847
E1 D1 5.844308658196689
F1 F1 6.163961311721617
G1 G1 5.823294387299047
H1 H1 5.860406212479322
I1 H1 5.759235731660228
J1 I1 5.7836138338041
K1 K1 5.873181986464449
L1 L1 5.578164892148734
M1 M1 5.395129854963366
N1 M1 5.71923097747586
O1 O1 5.041832910023061
P1 O1 5.780266537182449
Q1 P1 6.0818237171612575
R1 R1 5.545734739223482
S1 R1 6.406402726532828
B2 A2 5.655698138353096
C2 B2 6.2550646976293525
D2 D2 6.101196442949089
E2 D2 5.857144047698061
F2 E2 6.333202361285139
G2 G2 5.8143932600033414
H2 H2 6.2163472525453
I2 H2 6.025910668800593
J2 I2 6.49457332871663
K2 K2 5.662085000114178
L2 L2 5.6940611257875915
M2 M2 5.697187222318669
N2 M2 5.917444665648877
O2 N2 5.633404820785688
P2 P2 5.597050881473233
Q2 P2 5.727942313118607
R2 R2 6.355897070757362
S2 R2 5.560619860552881
frame 44
B1 B1 5.738508717482174
C1 C1 5.411329495787662
D1 C1 5.47861599317632
E1 E1 5.6580238410476875
F1 E1 5.895592577220519
G1 F1 5.711773873725971
H1 G1 6.211240868548625
I1 H1 5.671082445387146
J1 J1 5.609145588887729
K1 J1 5.9129623942237535
L1 K1 6.043307243640205
M1 M1 5.4385666184964725
N1 M1 5.659430201603626
O1 O1 5.621883769865518
P1 P1 5.9966028652797325
Q1 P1 5.863706501006225
R1 R1 5.782872602358274
S1 S1 5.999789255917228
B2 B2 5.646286114872606
C2 C2 6.375758142854113
D2 C2 6.093025635501577
E2 E2 5.906973683608129
F2 E2 5.858003094646105
G2 G2 5.4278523032931405
H2 H2 5.977631675581904
I2 H2 5.558618685287873
J2 I2 5.728210260767667
K2 J2 5.646539717284204
L2 K2 5.904432344033102
M2 L2 5.995514415260746
N2 N2 5.8740842524459564
O2 N2 5.790522908504812
P2 O2 5.688302925920257
Q2 P2 5.742475850105093
R2 Q2 6.058900181741228
S2 R2 6.022810478766671
frame 45
B1 B1 5.692929020273162
C1 C1 5.754944275003957
D1 C1 5.939875491610942
E1 E1 5.699838671574666
F1 E1 6.113094966593477
G1 F1 5.767312076203864
H1 G1 5.941428026205035
I1 H1 5.881533035920538
J1 I1 5.815162263630203
K1 J1 5.680812677574491
L1 K1 5.869467791710345
M1 M1 5.488555239068339
N1 M1 6.0519314073072845
O1 O1 5.440119207694996
P1 O1 5.754905588050508
Q1 P1 5.626001415511053
R1 R1 5.434819141082825
S1 S1 6.125635206025831
B2 B2 5.507610337301143
C2 B2 5.784349163835742
D2 D2 5.623755641278834
E2 D2 5.456316487632224
F2 F2 5.604347011236361
G2 F2 5.639334280103033
H2 G2 6.043316743056543
I2 I2 5.79253569927152
J2 I2 5.99434347158141
K2 J2 5.880120769879034
L2 L2 5.173498763297966
M2 L2 5.838999658216013
N2 M2 5.474254462275405
O2 N2 6.45865889850648
P2 P2 5.9884997149051316
Q2 Q2 5.609644953194201
R2 Q2 6.018018523065006
S2 S2 6.024374020877576
frame 46
B1 A1 5.698088870851406
C1 C1 5.818550712865647
D1 C1 5.558439042131938
E1 D1 5.457081926534775
F1 F1 6.213857399814612
G1 F1 5.85676298146088
H1 G1 5.760818029217291
I1 I1 5.810004368684096
J1 I1 5.643831171255418
K1 K1 5.407058646811495
L1 L1 5.790345770165353
M1 L1 5.737720752293379
N1 M1 5.892653515652531
O1 O1 5.660941972077881
P1 O1 5.937892201533444
Q1 P1 5.924723647102533
R1 R1 5.307695537317593
S1 R1 5.667180864077537
B2 A2 5.534947044584795
C2 B2 5.70873231543518
D2 C2 5.82832737550554
E2 D2 5.969885517301158
F2 E2 6.138027428621629
G2 G2 5.585593109364574
H2 G2 5.789487656439498
I2 I2 5.655594715784775
J2 I2 6.114982731343775
K2 K2 5.813376328144865
L2 K2 5.561343859511223
M2 M2 5.581501666773098
N2 M2 5.805959681464289
O2 N2 6.184209252220726
P2 O2 5.701600615696931
Q2 P2 5.572962070561201
R2 Q2 5.709799291114868
S2 R2 5.663186780805459
frame 47
B1 B1 5.413407025598067
C1 B1 5.8366932309100035
D1 C1 5.591550369947484
E1 E1 5.5121006394451095
F1 E1 5.55073945195399
G1 F1 5.477639822718362
H1 G1 5.463501981816646
I1 I1 5.815875905833945
J1 I1 5.702034686893604
K1 K1 5.603488669551969
L1 L1 5.987124303803424
M1 M1 6.06647933567217
N1 N1 5.763062721658701
O1 N1 5.83928294638552
P1 P1 5.7010475896238235
Q1 P1 5.865921238020446
R1 R1 5.923004478150288
S1 R1 6.075265360394763
B2 B2 6.097634644222812
C2 B2 5.925011283844891
D2 C2 5.729674515359755
E2 D2 5.930940416633523
F2 E2 5.924523526602641
G2 G2 5.717277149766608
H2 H2 5.702272425760997
I2 I2 5.679518890858417
J2 I2 5.70651023224852
K2 K2 6.1938141281299135
L2 L2 5.424766052302465
M2 L2 5.671046515513894
N2 M2 5.406966946931018
O2 N2 6.371860189035329
P2 O2 6.45280483401521
Q2 Q2 6.074771687651741
R2 R2 6.076443539701797
S2 S2 6.074772463953682
frame 48
B1 A1 5.382924867981298
C1 C1 5.78088097922714
D1 D1 5.934071686311311
E1 E1 5.831171694850875
F1 E1 5.746291843571415
G1 G1 5.727123717544337
H1 G1 5.908732044128151
I1 H1 5.585110045693748
J1 I1 5.88177862123698
K1 K1 5.821550411337026
L1 L1 5.60698154078569
M1 M1 5.569291259120711
N1 M1 5.671868369373542
O1 O1 5.787896959487464
P1 O1 5.959848784976831
Q1 P1 6.315678408175668
R1 R1 5.093174071354913
S1 S1 5.247289644364979
B2 B2 5.256403639738363
C2 C2 5.663072663835466
D2 D2 5.7429507965138695
E2 E2 5.914353734968249
F2 E2 6.005829689745397
G2 G2 6.098998661527043
H2 H2 5.9572169350833475
I2 H2 6.165478197729356
J2 J2 5.805703786772706
K2 J2 5.741120753075985
L2 L2 5.222418326515349
M2 M2 5.907205877443985
N2 M2 5.765171362746507
O2 O2 5.888150658131269
P2 P2 5.58834767094964
Q2 P2 5.558851285823865
R2 Q2 6.306908894905438
S2 S2 5.870462643877992
frame 49
B1 B1 5.560275955843134
C1 C1 5.431986526843124
D1 C1 5.642029815277388
E1 D1 5.625215955166801
F1 E1 5.656171654744558
G1 F1 5.845114391597401
H1 G1 5.870447918899217
I1 H1 5.816600372621619
J1 J1 6.106956629315452
K1 J1 5.939919788824341
L1 K1 5.793957287128526
M1 L1 5.775621204004143
N1 M1 5.718779594124501
O1 O1 5.728873555752009
P1 O1 6.048257927382187
Q1 P1 5.606667475374691
R1 R1 5.327152283092488
S1 R1 6.257784270437735
B2 B2 5.614770856750145
C2 B2 5.855457731046746
D2 D2 5.950200200912208
E2 D2 5.948006391460469
F2 E2 5.595989554436528
G2 G2 5.5281430065044015
H2 H2 5.30498181168515
I2 H2 5.8867247375977945
J2 I2 5.761876485309918
K2 J2 6.033776989835058
L2 L2 6.0112021926053725
M2 L2 5.6640385818414
N2 M2 6.089472700146327
O2 N2 5.97056931150506
P2 O2 5.680438281950893
Q2 P2 6.1092775016109115
R2 Q2 6.43242428800969
S2 R2 5.762136995730195
Info) VMD for LINUXAMD64, version 1.9.4a37 (August 27, 2019)
Info) Exiting normally.
